{
  "stats": {
    "suites": 7,
    "tests": 30,
    "passes": 29,
    "pending": 0,
    "failures": 1,
    "start": "2022-07-18T17:48:21.571Z",
    "end": "2022-07-18T17:49:23.683Z",
    "duration": 62112,
    "testsRegistered": 30,
    "passPercent": 96.66666666666667,
    "pendingPercent": 0,
    "other": 0,
    "hasOther": false,
    "skipped": 0,
    "hasSkipped": false
  },
  "results": [
    {
      "uuid": "285d5c12-b452-4d17-84d1-103189f34888",
      "title": "",
      "fullFile": "",
      "file": "",
      "beforeHooks": [],
      "afterHooks": [],
      "tests": [],
      "suites": [
        {
          "uuid": "9ec20e01-40ad-43de-937a-4e2cad5347cb",
          "title": "Check Buttons",
          "fullFile": "C:\\Users\\didi\\Desktop\\DESKTOP\\Calculator\\test\\test1.js",
          "file": "\\test\\test1.js",
          "beforeHooks": [],
          "afterHooks": [],
          "tests": [
            {
              "title": "Button AC",
              "fullTitle": "Check Buttons Button AC",
              "timedOut": false,
              "duration": 1904,
              "state": "passed",
              "speed": "slow",
              "pass": true,
              "fail": false,
              "pending": false,
              "context": null,
              "code": "let driver = await new Builder().forBrowser(\"chrome\").build();\nawait driver.get(\"file:///C:/Users/didi/Desktop/DESKTOP/Calculator/index.html\")\n\nxp = \"/html/body/div/button[\".concat(dict[1])\nxp = xp.concat(\"]\")\nawait driver.findElement(By.xpath(xp)).click();\n\nxp = \"/html/body/div/button[\".concat(dict[\"AC\"])\nxp = xp.concat(\"]\")\nawait driver.findElement(By.xpath(xp)).click();\n\nlet resulttest = await driver.findElement(By.xpath(\"/html/body/div/div/div[2]\")).getText().then(function(value){\n    return value\n})\n\nresulttest.should.equal(\"\");\n\nawait driver.quit();",
              "err": {},
              "uuid": "31300eef-f527-403c-a23d-b5d3088f290c",
              "parentUUID": "9ec20e01-40ad-43de-937a-4e2cad5347cb",
              "isHook": false,
              "skipped": false
            },
            {
              "title": "Button DEL",
              "fullTitle": "Check Buttons Button DEL",
              "timedOut": false,
              "duration": 1975,
              "state": "passed",
              "speed": "slow",
              "pass": true,
              "fail": false,
              "pending": false,
              "context": null,
              "code": "let driver = await new Builder().forBrowser(\"chrome\").build();\nawait driver.get(\"file:///C:/Users/didi/Desktop/DESKTOP/Calculator/index.html\")\n\nxp = \"/html/body/div/button[\".concat(dict[1])\nxp = xp.concat(\"]\")\nawait driver.findElement(By.xpath(xp)).click();\n\nxp = \"/html/body/div/button[\".concat(dict[5])\nxp = xp.concat(\"]\")\nawait driver.findElement(By.xpath(xp)).click();\n\nxp = \"/html/body/div/button[\".concat(dict[\"DEL\"])\nxp = xp.concat(\"]\")\nawait driver.findElement(By.xpath(xp)).click();\n\nlet resulttest = await driver.findElement(By.xpath(\"/html/body/div/div/div[2]\")).getText().then(function(value){\n    return value\n})\n\nresulttest.should.equal(\"1\");\n\nawait driver.quit();",
              "err": {},
              "uuid": "99df2883-8433-4111-b2e4-1d8d3bab5a3a",
              "parentUUID": "9ec20e01-40ad-43de-937a-4e2cad5347cb",
              "isHook": false,
              "skipped": false
            },
            {
              "title": "Button 0",
              "fullTitle": "Check Buttons Button 0",
              "timedOut": false,
              "duration": 2115,
              "state": "passed",
              "speed": "slow",
              "pass": true,
              "fail": false,
              "pending": false,
              "context": null,
              "code": "let driver = await new Builder().forBrowser(\"chrome\").build();\n        \n        await driver.get(\"file:///C:/Users/didi/Desktop/DESKTOP/Calculator/index.html\")\n        xp = \"/html/body/div/button[\".concat(dict[i])\n        xp = xp.concat(\"]\")\n        \n        await driver.findElement(By.xpath(xp)).click();\n        \n        let resulttest = await driver.findElement(By.xpath(\"/html/body/div/div/div[2]\")).getText().then(function(value){\n            return value\n        })\n        \n        resulttest.should.equal(i.toString());\n        await driver.quit();",
              "err": {},
              "uuid": "2b401a02-39e8-4e4b-8b3b-56ece2ee7243",
              "parentUUID": "9ec20e01-40ad-43de-937a-4e2cad5347cb",
              "isHook": false,
              "skipped": false
            },
            {
              "title": "Button 1",
              "fullTitle": "Check Buttons Button 1",
              "timedOut": false,
              "duration": 1829,
              "state": "passed",
              "speed": "slow",
              "pass": true,
              "fail": false,
              "pending": false,
              "context": null,
              "code": "let driver = await new Builder().forBrowser(\"chrome\").build();\n        \n        await driver.get(\"file:///C:/Users/didi/Desktop/DESKTOP/Calculator/index.html\")\n        xp = \"/html/body/div/button[\".concat(dict[i])\n        xp = xp.concat(\"]\")\n        \n        await driver.findElement(By.xpath(xp)).click();\n        \n        let resulttest = await driver.findElement(By.xpath(\"/html/body/div/div/div[2]\")).getText().then(function(value){\n            return value\n        })\n        \n        resulttest.should.equal(i.toString());\n        await driver.quit();",
              "err": {},
              "uuid": "2171afe3-495c-4f49-92bc-2bf2e0a833f2",
              "parentUUID": "9ec20e01-40ad-43de-937a-4e2cad5347cb",
              "isHook": false,
              "skipped": false
            },
            {
              "title": "Button 2",
              "fullTitle": "Check Buttons Button 2",
              "timedOut": false,
              "duration": 1922,
              "state": "passed",
              "speed": "slow",
              "pass": true,
              "fail": false,
              "pending": false,
              "context": null,
              "code": "let driver = await new Builder().forBrowser(\"chrome\").build();\n        \n        await driver.get(\"file:///C:/Users/didi/Desktop/DESKTOP/Calculator/index.html\")\n        xp = \"/html/body/div/button[\".concat(dict[i])\n        xp = xp.concat(\"]\")\n        \n        await driver.findElement(By.xpath(xp)).click();\n        \n        let resulttest = await driver.findElement(By.xpath(\"/html/body/div/div/div[2]\")).getText().then(function(value){\n            return value\n        })\n        \n        resulttest.should.equal(i.toString());\n        await driver.quit();",
              "err": {},
              "uuid": "43cba969-ceca-4dbd-8eb5-e48e7ff73f00",
              "parentUUID": "9ec20e01-40ad-43de-937a-4e2cad5347cb",
              "isHook": false,
              "skipped": false
            },
            {
              "title": "Button 3",
              "fullTitle": "Check Buttons Button 3",
              "timedOut": false,
              "duration": 1904,
              "state": "passed",
              "speed": "slow",
              "pass": true,
              "fail": false,
              "pending": false,
              "context": null,
              "code": "let driver = await new Builder().forBrowser(\"chrome\").build();\n        \n        await driver.get(\"file:///C:/Users/didi/Desktop/DESKTOP/Calculator/index.html\")\n        xp = \"/html/body/div/button[\".concat(dict[i])\n        xp = xp.concat(\"]\")\n        \n        await driver.findElement(By.xpath(xp)).click();\n        \n        let resulttest = await driver.findElement(By.xpath(\"/html/body/div/div/div[2]\")).getText().then(function(value){\n            return value\n        })\n        \n        resulttest.should.equal(i.toString());\n        await driver.quit();",
              "err": {},
              "uuid": "5dda8c1a-eb3d-49b7-b95a-df809a449036",
              "parentUUID": "9ec20e01-40ad-43de-937a-4e2cad5347cb",
              "isHook": false,
              "skipped": false
            },
            {
              "title": "Button 4",
              "fullTitle": "Check Buttons Button 4",
              "timedOut": false,
              "duration": 1887,
              "state": "passed",
              "speed": "slow",
              "pass": true,
              "fail": false,
              "pending": false,
              "context": null,
              "code": "let driver = await new Builder().forBrowser(\"chrome\").build();\n        \n        await driver.get(\"file:///C:/Users/didi/Desktop/DESKTOP/Calculator/index.html\")\n        xp = \"/html/body/div/button[\".concat(dict[i])\n        xp = xp.concat(\"]\")\n        \n        await driver.findElement(By.xpath(xp)).click();\n        \n        let resulttest = await driver.findElement(By.xpath(\"/html/body/div/div/div[2]\")).getText().then(function(value){\n            return value\n        })\n        \n        resulttest.should.equal(i.toString());\n        await driver.quit();",
              "err": {},
              "uuid": "3e076e88-ae4d-4375-99f3-25d4b3f09532",
              "parentUUID": "9ec20e01-40ad-43de-937a-4e2cad5347cb",
              "isHook": false,
              "skipped": false
            },
            {
              "title": "Button 5",
              "fullTitle": "Check Buttons Button 5",
              "timedOut": false,
              "duration": 1995,
              "state": "passed",
              "speed": "slow",
              "pass": true,
              "fail": false,
              "pending": false,
              "context": null,
              "code": "let driver = await new Builder().forBrowser(\"chrome\").build();\n        \n        await driver.get(\"file:///C:/Users/didi/Desktop/DESKTOP/Calculator/index.html\")\n        xp = \"/html/body/div/button[\".concat(dict[i])\n        xp = xp.concat(\"]\")\n        \n        await driver.findElement(By.xpath(xp)).click();\n        \n        let resulttest = await driver.findElement(By.xpath(\"/html/body/div/div/div[2]\")).getText().then(function(value){\n            return value\n        })\n        \n        resulttest.should.equal(i.toString());\n        await driver.quit();",
              "err": {},
              "uuid": "7e2c256e-74f5-4603-869e-128b9a04b683",
              "parentUUID": "9ec20e01-40ad-43de-937a-4e2cad5347cb",
              "isHook": false,
              "skipped": false
            },
            {
              "title": "Button 6",
              "fullTitle": "Check Buttons Button 6",
              "timedOut": false,
              "duration": 1861,
              "state": "passed",
              "speed": "slow",
              "pass": true,
              "fail": false,
              "pending": false,
              "context": null,
              "code": "let driver = await new Builder().forBrowser(\"chrome\").build();\n        \n        await driver.get(\"file:///C:/Users/didi/Desktop/DESKTOP/Calculator/index.html\")\n        xp = \"/html/body/div/button[\".concat(dict[i])\n        xp = xp.concat(\"]\")\n        \n        await driver.findElement(By.xpath(xp)).click();\n        \n        let resulttest = await driver.findElement(By.xpath(\"/html/body/div/div/div[2]\")).getText().then(function(value){\n            return value\n        })\n        \n        resulttest.should.equal(i.toString());\n        await driver.quit();",
              "err": {},
              "uuid": "e6c0a73c-10c8-49cc-bf63-9ee72e7fb626",
              "parentUUID": "9ec20e01-40ad-43de-937a-4e2cad5347cb",
              "isHook": false,
              "skipped": false
            },
            {
              "title": "Button 7",
              "fullTitle": "Check Buttons Button 7",
              "timedOut": false,
              "duration": 1915,
              "state": "passed",
              "speed": "slow",
              "pass": true,
              "fail": false,
              "pending": false,
              "context": null,
              "code": "let driver = await new Builder().forBrowser(\"chrome\").build();\n        \n        await driver.get(\"file:///C:/Users/didi/Desktop/DESKTOP/Calculator/index.html\")\n        xp = \"/html/body/div/button[\".concat(dict[i])\n        xp = xp.concat(\"]\")\n        \n        await driver.findElement(By.xpath(xp)).click();\n        \n        let resulttest = await driver.findElement(By.xpath(\"/html/body/div/div/div[2]\")).getText().then(function(value){\n            return value\n        })\n        \n        resulttest.should.equal(i.toString());\n        await driver.quit();",
              "err": {},
              "uuid": "c3b39c75-5bd6-474e-a8d4-2bd37cd93cd3",
              "parentUUID": "9ec20e01-40ad-43de-937a-4e2cad5347cb",
              "isHook": false,
              "skipped": false
            },
            {
              "title": "Button 8",
              "fullTitle": "Check Buttons Button 8",
              "timedOut": false,
              "duration": 1860,
              "state": "passed",
              "speed": "slow",
              "pass": true,
              "fail": false,
              "pending": false,
              "context": null,
              "code": "let driver = await new Builder().forBrowser(\"chrome\").build();\n        \n        await driver.get(\"file:///C:/Users/didi/Desktop/DESKTOP/Calculator/index.html\")\n        xp = \"/html/body/div/button[\".concat(dict[i])\n        xp = xp.concat(\"]\")\n        \n        await driver.findElement(By.xpath(xp)).click();\n        \n        let resulttest = await driver.findElement(By.xpath(\"/html/body/div/div/div[2]\")).getText().then(function(value){\n            return value\n        })\n        \n        resulttest.should.equal(i.toString());\n        await driver.quit();",
              "err": {},
              "uuid": "3c152b7a-8595-4a45-8bd3-92a9741daeca",
              "parentUUID": "9ec20e01-40ad-43de-937a-4e2cad5347cb",
              "isHook": false,
              "skipped": false
            },
            {
              "title": "Button 9",
              "fullTitle": "Check Buttons Button 9",
              "timedOut": false,
              "duration": 1867,
              "state": "passed",
              "speed": "slow",
              "pass": true,
              "fail": false,
              "pending": false,
              "context": null,
              "code": "let driver = await new Builder().forBrowser(\"chrome\").build();\n        \n        await driver.get(\"file:///C:/Users/didi/Desktop/DESKTOP/Calculator/index.html\")\n        xp = \"/html/body/div/button[\".concat(dict[i])\n        xp = xp.concat(\"]\")\n        \n        await driver.findElement(By.xpath(xp)).click();\n        \n        let resulttest = await driver.findElement(By.xpath(\"/html/body/div/div/div[2]\")).getText().then(function(value){\n            return value\n        })\n        \n        resulttest.should.equal(i.toString());\n        await driver.quit();",
              "err": {},
              "uuid": "7039c5ad-1464-4cbd-8614-662aa81d523a",
              "parentUUID": "9ec20e01-40ad-43de-937a-4e2cad5347cb",
              "isHook": false,
              "skipped": false
            }
          ],
          "suites": [],
          "passes": [
            "31300eef-f527-403c-a23d-b5d3088f290c",
            "99df2883-8433-4111-b2e4-1d8d3bab5a3a",
            "2b401a02-39e8-4e4b-8b3b-56ece2ee7243",
            "2171afe3-495c-4f49-92bc-2bf2e0a833f2",
            "43cba969-ceca-4dbd-8eb5-e48e7ff73f00",
            "5dda8c1a-eb3d-49b7-b95a-df809a449036",
            "3e076e88-ae4d-4375-99f3-25d4b3f09532",
            "7e2c256e-74f5-4603-869e-128b9a04b683",
            "e6c0a73c-10c8-49cc-bf63-9ee72e7fb626",
            "c3b39c75-5bd6-474e-a8d4-2bd37cd93cd3",
            "3c152b7a-8595-4a45-8bd3-92a9741daeca",
            "7039c5ad-1464-4cbd-8614-662aa81d523a"
          ],
          "failures": [],
          "pending": [],
          "skipped": [],
          "duration": 23034,
          "root": false,
          "rootEmpty": false,
          "_timeout": 0
        },
        {
          "uuid": "af92e348-0e34-491b-b71a-6314055e661a",
          "title": "Check Operators",
          "fullFile": "C:\\Users\\didi\\Desktop\\DESKTOP\\Calculator\\test\\test1.js",
          "file": "\\test\\test1.js",
          "beforeHooks": [],
          "afterHooks": [],
          "tests": [
            {
              "title": "Addition",
              "fullTitle": "Check Operators Addition",
              "timedOut": false,
              "duration": 2108,
              "state": "passed",
              "speed": "slow",
              "pass": true,
              "fail": false,
              "pending": false,
              "context": null,
              "code": "let driver = await new Builder().forBrowser(\"chrome\").build();\nawait driver.get(\"file:///C:/Users/didi/Desktop/DESKTOP/Calculator/index.html\")\n\nxp = \"/html/body/div/button[\".concat(dict[2])\nxp = xp.concat(\"]\")\nawait driver.findElement(By.xpath(xp)).click();\n\nxp = \"/html/body/div/button[\".concat(dict[3])\nxp = xp.concat(\"]\")\nawait driver.findElement(By.xpath(xp)).click();\nxp = \"/html/body/div/button[\".concat(dict[\"+\"])\nxp = xp.concat(\"]\")\nawait driver.findElement(By.xpath(xp)).click();\n\nxp = \"/html/body/div/button[\".concat(dict[8])\nxp = xp.concat(\"]\")\nawait driver.findElement(By.xpath(xp)).click();\n\nxp = \"/html/body/div/button[\".concat(dict[1])\nxp = xp.concat(\"]\")\nawait driver.findElement(By.xpath(xp)).click();\nxp = \"/html/body/div/button[\".concat(dict[\"=\"])\nxp = xp.concat(\"]\")\nawait driver.findElement(By.xpath(xp)).click();\n\nlet resulttest = await driver.findElement(By.xpath(\"/html/body/div/div/div[2]\")).getText().then(function(value){\n    return value\n})\n\nresulttest.should.equal(\"104.00\");\n\nawait driver.quit();",
              "err": {},
              "uuid": "ab10da3b-c587-42d0-87a4-66f307ef4155",
              "parentUUID": "af92e348-0e34-491b-b71a-6314055e661a",
              "isHook": false,
              "skipped": false
            },
            {
              "title": "Subtraction",
              "fullTitle": "Check Operators Subtraction",
              "timedOut": false,
              "duration": 2079,
              "state": "passed",
              "speed": "slow",
              "pass": true,
              "fail": false,
              "pending": false,
              "context": null,
              "code": "let driver = await new Builder().forBrowser(\"chrome\").build();\nawait driver.get(\"file:///C:/Users/didi/Desktop/DESKTOP/Calculator/index.html\")\n\nxp = \"/html/body/div/button[\".concat(dict[9])\nxp = xp.concat(\"]\")\nawait driver.findElement(By.xpath(xp)).click();\n\nxp = \"/html/body/div/button[\".concat(dict[3])\nxp = xp.concat(\"]\")\nawait driver.findElement(By.xpath(xp)).click();\nxp = \"/html/body/div/button[\".concat(dict[\"-\"])\nxp = xp.concat(\"]\")\nawait driver.findElement(By.xpath(xp)).click();\n\nxp = \"/html/body/div/button[\".concat(dict[8])\nxp = xp.concat(\"]\")\nawait driver.findElement(By.xpath(xp)).click();\n\nxp = \"/html/body/div/button[\".concat(dict[1])\nxp = xp.concat(\"]\")\nawait driver.findElement(By.xpath(xp)).click();\nxp = \"/html/body/div/button[\".concat(dict[\"=\"])\nxp = xp.concat(\"]\")\nawait driver.findElement(By.xpath(xp)).click();\n\nlet resulttest = await driver.findElement(By.xpath(\"/html/body/div/div/div[2]\")).getText().then(function(value){\n    return value\n})\n\nresulttest.should.equal(\"12.00\");\n\nawait driver.quit();",
              "err": {},
              "uuid": "adbd8e6e-6be7-4818-9f28-6ee77ff76d4e",
              "parentUUID": "af92e348-0e34-491b-b71a-6314055e661a",
              "isHook": false,
              "skipped": false
            },
            {
              "title": "Multiplication",
              "fullTitle": "Check Operators Multiplication",
              "timedOut": false,
              "duration": 2031,
              "state": "passed",
              "speed": "slow",
              "pass": true,
              "fail": false,
              "pending": false,
              "context": null,
              "code": "let driver = await new Builder().forBrowser(\"chrome\").build();\n    \nawait driver.get(\"file:///C:/Users/didi/Desktop/DESKTOP/Calculator/index.html\")\n    \nxp = \"/html/body/div/button[\".concat(dict[2])\nxp = xp.concat(\"]\")\nawait driver.findElement(By.xpath(xp)).click();\n    \n    \nxp = \"/html/body/div/button[\".concat(dict[3])\nxp = xp.concat(\"]\")\nawait driver.findElement(By.xpath(xp)).click();\n    \nxp = \"/html/body/div/button[\".concat(dict[\"*\"])\nxp = xp.concat(\"]\")\nawait driver.findElement(By.xpath(xp)).click();\n    \n    \nxp = \"/html/body/div/button[\".concat(dict[3])\nxp = xp.concat(\"]\")\nawait driver.findElement(By.xpath(xp)).click();\n    \nxp = \"/html/body/div/button[\".concat(dict[\"=\"])\nxp = xp.concat(\"]\")\nawait driver.findElement(By.xpath(xp)).click();\n    \n    \nlet resulttest = await driver.findElement(By.xpath(\"/html/body/div/div/div[2]\")).getText().then(function(value){\n    return value\n})\n    \nresulttest.should.equal(\"69.00\");\n    \nawait driver.quit();",
              "err": {},
              "uuid": "23090636-4791-4d0e-a5ee-b3b22de23deb",
              "parentUUID": "af92e348-0e34-491b-b71a-6314055e661a",
              "isHook": false,
              "skipped": false
            },
            {
              "title": "Division",
              "fullTitle": "Check Operators Division",
              "timedOut": false,
              "duration": 2016,
              "state": "passed",
              "speed": "slow",
              "pass": true,
              "fail": false,
              "pending": false,
              "context": null,
              "code": "let driver = await new Builder().forBrowser(\"chrome\").build();\n    \nawait driver.get(\"file:///C:/Users/didi/Desktop/DESKTOP/Calculator/index.html\")\n    \nxp = \"/html/body/div/button[\".concat(dict[2])\nxp = xp.concat(\"]\")\nawait driver.findElement(By.xpath(xp)).click();\n    \n    \nxp = \"/html/body/div/button[\".concat(dict[7])\nxp = xp.concat(\"]\")\nawait driver.findElement(By.xpath(xp)).click();\n    \nxp = \"/html/body/div/button[\".concat(dict[\"/\"])\nxp = xp.concat(\"]\")\nawait driver.findElement(By.xpath(xp)).click();\n    \n    \nxp = \"/html/body/div/button[\".concat(dict[3])\nxp = xp.concat(\"]\")\nawait driver.findElement(By.xpath(xp)).click();\n    \nxp = \"/html/body/div/button[\".concat(dict[\"=\"])\nxp = xp.concat(\"]\")\nawait driver.findElement(By.xpath(xp)).click();\n    \n    \nlet resulttest = await driver.findElement(By.xpath(\"/html/body/div/div/div[2]\")).getText().then(function(value){\n    return value\n})\n    \nresulttest.should.equal(\"9.00\");\n    \nawait driver.quit();",
              "err": {},
              "uuid": "cdcf3a4f-76ea-43c0-ba25-88d14279ca3c",
              "parentUUID": "af92e348-0e34-491b-b71a-6314055e661a",
              "isHook": false,
              "skipped": false
            }
          ],
          "suites": [],
          "passes": [
            "ab10da3b-c587-42d0-87a4-66f307ef4155",
            "adbd8e6e-6be7-4818-9f28-6ee77ff76d4e",
            "23090636-4791-4d0e-a5ee-b3b22de23deb",
            "cdcf3a4f-76ea-43c0-ba25-88d14279ca3c"
          ],
          "failures": [],
          "pending": [],
          "skipped": [],
          "duration": 8234,
          "root": false,
          "rootEmpty": false,
          "_timeout": 0
        },
        {
          "uuid": "b501e50b-0b45-46dc-88e1-9783235314e9",
          "title": "Boundary Cases",
          "fullFile": "C:\\Users\\didi\\Desktop\\DESKTOP\\Calculator\\test\\test1.js",
          "file": "\\test\\test1.js",
          "beforeHooks": [],
          "afterHooks": [],
          "tests": [
            {
              "title": "Out of boundary",
              "fullTitle": "Boundary Cases Out of boundary",
              "timedOut": false,
              "duration": 2017,
              "state": "passed",
              "speed": "slow",
              "pass": true,
              "fail": false,
              "pending": false,
              "context": null,
              "code": "let driver = await new Builder().forBrowser(\"chrome\").build();\n            await driver.get(\"file:///C:/Users/didi/Desktop/DESKTOP/Calculator/index.html\")\n            \n            for (let sid = 0; sid < arlen; sid++){\n                element = obcases[index][sid]\n                var toappend = undefined\n                if (element == '.' || element == '-'){\n                    toappend = dict[element]\n                }\n                else{\n                    toappend = dict[parseInt(element)]\n                }\n                xp = \"/html/body/div/button[\".concat(toappend)\n                xp = xp.concat(\"]\")\n                await driver.findElement(By.xpath(xp)).click();\n                }\n            let resulttest = await driver.findElement(By.xpath(\"/html/body/div/div/div[2]\")).getText().then(function(value){\n                return value\n            })\n            resulttest.should.equal(\"NA\");\n            await driver.quit();",
              "err": {},
              "uuid": "acd19827-daf2-430c-9a69-d5bc071215ea",
              "parentUUID": "b501e50b-0b45-46dc-88e1-9783235314e9",
              "isHook": false,
              "skipped": false
            },
            {
              "title": "Out of boundary",
              "fullTitle": "Boundary Cases Out of boundary",
              "timedOut": false,
              "duration": 2082,
              "state": "passed",
              "speed": "slow",
              "pass": true,
              "fail": false,
              "pending": false,
              "context": null,
              "code": "let driver = await new Builder().forBrowser(\"chrome\").build();\n            await driver.get(\"file:///C:/Users/didi/Desktop/DESKTOP/Calculator/index.html\")\n            \n            for (let sid = 0; sid < arlen; sid++){\n                element = obcases[index][sid]\n                var toappend = undefined\n                if (element == '.' || element == '-'){\n                    toappend = dict[element]\n                }\n                else{\n                    toappend = dict[parseInt(element)]\n                }\n                xp = \"/html/body/div/button[\".concat(toappend)\n                xp = xp.concat(\"]\")\n                await driver.findElement(By.xpath(xp)).click();\n                }\n            let resulttest = await driver.findElement(By.xpath(\"/html/body/div/div/div[2]\")).getText().then(function(value){\n                return value\n            })\n            resulttest.should.equal(\"NA\");\n            await driver.quit();",
              "err": {},
              "uuid": "c86112cf-9735-4509-969b-b293abc38449",
              "parentUUID": "b501e50b-0b45-46dc-88e1-9783235314e9",
              "isHook": false,
              "skipped": false
            },
            {
              "title": "Out of boundary",
              "fullTitle": "Boundary Cases Out of boundary",
              "timedOut": false,
              "duration": 2080,
              "state": "passed",
              "speed": "slow",
              "pass": true,
              "fail": false,
              "pending": false,
              "context": null,
              "code": "let driver = await new Builder().forBrowser(\"chrome\").build();\n            await driver.get(\"file:///C:/Users/didi/Desktop/DESKTOP/Calculator/index.html\")\n            \n            for (let sid = 0; sid < arlen; sid++){\n                element = obcases[index][sid]\n                var toappend = undefined\n                if (element == '.' || element == '-'){\n                    toappend = dict[element]\n                }\n                else{\n                    toappend = dict[parseInt(element)]\n                }\n                xp = \"/html/body/div/button[\".concat(toappend)\n                xp = xp.concat(\"]\")\n                await driver.findElement(By.xpath(xp)).click();\n                }\n            let resulttest = await driver.findElement(By.xpath(\"/html/body/div/div/div[2]\")).getText().then(function(value){\n                return value\n            })\n            resulttest.should.equal(\"NA\");\n            await driver.quit();",
              "err": {},
              "uuid": "a4b2dac7-6fd1-4c06-be07-7dd03086164c",
              "parentUUID": "b501e50b-0b45-46dc-88e1-9783235314e9",
              "isHook": false,
              "skipped": false
            },
            {
              "title": "Out of boundary",
              "fullTitle": "Boundary Cases Out of boundary",
              "timedOut": false,
              "duration": 2102,
              "state": "passed",
              "speed": "slow",
              "pass": true,
              "fail": false,
              "pending": false,
              "context": null,
              "code": "let driver = await new Builder().forBrowser(\"chrome\").build();\n            await driver.get(\"file:///C:/Users/didi/Desktop/DESKTOP/Calculator/index.html\")\n            \n            for (let sid = 0; sid < arlen; sid++){\n                element = obcases[index][sid]\n                var toappend = undefined\n                if (element == '.' || element == '-'){\n                    toappend = dict[element]\n                }\n                else{\n                    toappend = dict[parseInt(element)]\n                }\n                xp = \"/html/body/div/button[\".concat(toappend)\n                xp = xp.concat(\"]\")\n                await driver.findElement(By.xpath(xp)).click();\n                }\n            let resulttest = await driver.findElement(By.xpath(\"/html/body/div/div/div[2]\")).getText().then(function(value){\n                return value\n            })\n            resulttest.should.equal(\"NA\");\n            await driver.quit();",
              "err": {},
              "uuid": "83f99509-8c10-42f3-b982-6211d18c11d8",
              "parentUUID": "b501e50b-0b45-46dc-88e1-9783235314e9",
              "isHook": false,
              "skipped": false
            },
            {
              "title": "Inside boundary",
              "fullTitle": "Boundary Cases Inside boundary",
              "timedOut": false,
              "duration": 2229,
              "state": "passed",
              "speed": "slow",
              "pass": true,
              "fail": false,
              "pending": false,
              "context": null,
              "code": "let driver = await new Builder().forBrowser(\"chrome\").build();\n            await driver.get(\"file:///C:/Users/didi/Desktop/DESKTOP/Calculator/index.html\")\n            \n            for (let sid = 0; sid < arlen; sid++){\n                element = ibcases[index][sid]\n                var toappend = undefined\n                if (element == \".\" || element == \"-\"){\n                    toappend = dict[ibcases[index][sid]]\n                    \n                }\n                else{\n                    toappend = dict[parseInt(ibcases[index][sid])]\n                }\n                xp = \"/html/body/div/button[\".concat(toappend)\n                xp = xp.concat(\"]\")\n                await driver.findElement(By.xpath(xp)).click();\n                }\n            let resulttest = await driver.findElement(By.xpath(\"/html/body/div/div/div[2]\")).getText().then(function(value){\n                console.log(value);\n                return value\n            \n            })\n            resulttest.should.equal(word);\n            await driver.quit();",
              "err": {},
              "uuid": "ffc9fae4-343a-4490-ac11-08b38d0735a1",
              "parentUUID": "b501e50b-0b45-46dc-88e1-9783235314e9",
              "isHook": false,
              "skipped": false
            },
            {
              "title": "Inside boundary",
              "fullTitle": "Boundary Cases Inside boundary",
              "timedOut": false,
              "duration": 2032,
              "state": "failed",
              "speed": null,
              "pass": false,
              "fail": true,
              "pending": false,
              "context": null,
              "code": "let driver = await new Builder().forBrowser(\"chrome\").build();\n            await driver.get(\"file:///C:/Users/didi/Desktop/DESKTOP/Calculator/index.html\")\n            \n            for (let sid = 0; sid < arlen; sid++){\n                element = ibcases[index][sid]\n                var toappend = undefined\n                if (element == \".\" || element == \"-\"){\n                    toappend = dict[ibcases[index][sid]]\n                    \n                }\n                else{\n                    toappend = dict[parseInt(ibcases[index][sid])]\n                }\n                xp = \"/html/body/div/button[\".concat(toappend)\n                xp = xp.concat(\"]\")\n                await driver.findElement(By.xpath(xp)).click();\n                }\n            let resulttest = await driver.findElement(By.xpath(\"/html/body/div/div/div[2]\")).getText().then(function(value){\n                console.log(value);\n                return value\n            \n            })\n            resulttest.should.equal(word);\n            await driver.quit();",
              "err": {
                "message": "AssertionError: expected '9999.99' to equal '-9999.99'",
                "estack": "AssertionError: expected '9999.99' to equal '-9999.99'\n    at Context.<anonymous> (test\\test1.js:386:31)\n    at runMicrotasks (<anonymous>)\n    at processTicksAndRejections (node:internal/process/task_queues:96:5)",
                "diff": "- 9999.99\n+ -9999.99\n"
              },
              "uuid": "e4e135df-382c-46cd-85fb-8d92e7051ec2",
              "parentUUID": "b501e50b-0b45-46dc-88e1-9783235314e9",
              "isHook": false,
              "skipped": false
            },
            {
              "title": "Inside boundary",
              "fullTitle": "Boundary Cases Inside boundary",
              "timedOut": false,
              "duration": 1591,
              "state": "passed",
              "speed": "slow",
              "pass": true,
              "fail": false,
              "pending": false,
              "context": null,
              "code": "let driver = await new Builder().forBrowser(\"chrome\").build();\n            await driver.get(\"file:///C:/Users/didi/Desktop/DESKTOP/Calculator/index.html\")\n            \n            for (let sid = 0; sid < arlen; sid++){\n                element = ibcases[index][sid]\n                var toappend = undefined\n                if (element == \".\" || element == \"-\"){\n                    toappend = dict[ibcases[index][sid]]\n                    \n                }\n                else{\n                    toappend = dict[parseInt(ibcases[index][sid])]\n                }\n                xp = \"/html/body/div/button[\".concat(toappend)\n                xp = xp.concat(\"]\")\n                await driver.findElement(By.xpath(xp)).click();\n                }\n            let resulttest = await driver.findElement(By.xpath(\"/html/body/div/div/div[2]\")).getText().then(function(value){\n                console.log(value);\n                return value\n            \n            })\n            resulttest.should.equal(word);\n            await driver.quit();",
              "err": {},
              "uuid": "90372963-0b17-43f1-8900-3997c7aba0fb",
              "parentUUID": "b501e50b-0b45-46dc-88e1-9783235314e9",
              "isHook": false,
              "skipped": false
            }
          ],
          "suites": [],
          "passes": [
            "acd19827-daf2-430c-9a69-d5bc071215ea",
            "c86112cf-9735-4509-969b-b293abc38449",
            "a4b2dac7-6fd1-4c06-be07-7dd03086164c",
            "83f99509-8c10-42f3-b982-6211d18c11d8",
            "ffc9fae4-343a-4490-ac11-08b38d0735a1",
            "90372963-0b17-43f1-8900-3997c7aba0fb"
          ],
          "failures": [
            "e4e135df-382c-46cd-85fb-8d92e7051ec2"
          ],
          "pending": [],
          "skipped": [],
          "duration": 14133,
          "root": false,
          "rootEmpty": false,
          "_timeout": 0
        },
        {
          "uuid": "1ae91676-4f59-4b83-b8af-03e4859fd531",
          "title": "Truncating digits and calculated number out of range",
          "fullFile": "C:\\Users\\didi\\Desktop\\DESKTOP\\Calculator\\test\\test1.js",
          "file": "\\test\\test1.js",
          "beforeHooks": [],
          "afterHooks": [],
          "tests": [
            {
              "title": "4567.589+3961.852=",
              "fullTitle": "Truncating digits and calculated number out of range 4567.589+3961.852=",
              "timedOut": false,
              "duration": 3099,
              "state": "passed",
              "speed": "slow",
              "pass": true,
              "fail": false,
              "pending": false,
              "context": null,
              "code": "let driver = await new Builder().forBrowser(\"chrome\").build();\nawait driver.get(\"file:///C:/Users/didi/Desktop/DESKTOP/Calculator/index.html\")\n\nfor (let sid = 0; sid < tests[test].length; sid++){\n    element = tests[test][sid]\n    console.log(element)\n    var toappend = undefined\n    if (isNaN(element)){\n        toappend = dict[element]\n    }\n    else{\n        toappend = dict[parseInt(element)]\n    }\n    xp = \"/html/body/div/button[\".concat(toappend)\n    xp = xp.concat(\"]\")\n    await driver.findElement(By.xpath(xp)).click();\n    }\nlet resulttest = await driver.findElement(By.xpath(\"/html/body/div/div/div[2]\")).getText().then(function(value){\n    return value\n})\nresulttest.should.equal(ress[test]);\nawait driver.quit();",
              "err": {},
              "uuid": "609e5ab2-e406-4ff4-a665-af7f4d5d373c",
              "parentUUID": "1ae91676-4f59-4b83-b8af-03e4859fd531",
              "isHook": false,
              "skipped": false
            },
            {
              "title": "5999.99+4999.99=",
              "fullTitle": "Truncating digits and calculated number out of range 5999.99+4999.99=",
              "timedOut": false,
              "duration": 2589,
              "state": "passed",
              "speed": "slow",
              "pass": true,
              "fail": false,
              "pending": false,
              "context": null,
              "code": "let driver = await new Builder().forBrowser(\"chrome\").build();\nawait driver.get(\"file:///C:/Users/didi/Desktop/DESKTOP/Calculator/index.html\")\n\nfor (let sid = 0; sid < tests[test].length; sid++){\n    element = tests[test][sid]\n    console.log(element)\n    var toappend = undefined\n    if (isNaN(element)){\n        toappend = dict[element]\n    }\n    else{\n        toappend = dict[parseInt(element)]\n    }\n    xp = \"/html/body/div/button[\".concat(toappend)\n    xp = xp.concat(\"]\")\n    await driver.findElement(By.xpath(xp)).click();\n    }\nlet resulttest = await driver.findElement(By.xpath(\"/html/body/div/div/div[2]\")).getText().then(function(value){\n    return value\n})\nresulttest.should.equal(ress[test]);\nawait driver.quit();",
              "err": {},
              "uuid": "fbd979cd-d25a-463a-956c-445ae7602c4a",
              "parentUUID": "1ae91676-4f59-4b83-b8af-03e4859fd531",
              "isHook": false,
              "skipped": false
            }
          ],
          "suites": [],
          "passes": [
            "609e5ab2-e406-4ff4-a665-af7f4d5d373c",
            "fbd979cd-d25a-463a-956c-445ae7602c4a"
          ],
          "failures": [],
          "pending": [],
          "skipped": [],
          "duration": 5688,
          "root": false,
          "rootEmpty": false,
          "_timeout": 0
        },
        {
          "uuid": "ddde9e92-40f0-4550-8333-89984f91b777",
          "title": "Check negate Function(Can negate the number any time)",
          "fullFile": "C:\\Users\\didi\\Desktop\\DESKTOP\\Calculator\\test\\test1.js",
          "file": "\\test\\test1.js",
          "beforeHooks": [],
          "afterHooks": [],
          "tests": [
            {
              "title": "TEST 1",
              "fullTitle": "Check negate Function(Can negate the number any time) TEST 1",
              "timedOut": false,
              "duration": 1991,
              "state": "passed",
              "speed": "slow",
              "pass": true,
              "fail": false,
              "pending": false,
              "context": null,
              "code": "let driver = await new Builder().forBrowser(\"chrome\").build();\nawait driver.get(\"file:///C:/Users/didi/Desktop/DESKTOP/Calculator/index.html\")\n\nfor (let sid = 0; sid < tests[test].length; sid++){\n    element = tests[test][sid]\n    var toappend = undefined\n    if (isNaN(element)){\n        toappend = dict[element]\n        xp = \"/html/body/div/button[\".concat(toappend)\n        xp = xp.concat(\"]\")\n        await driver.findElement(By.xpath(xp)).click();\n    }\n    else{\n        for (let i = 0; i < element.length; i++) {\n            toappend = dict[parseInt(element[i])]\n            xp = \"/html/body/div/button[\".concat(toappend)\n            xp = xp.concat(\"]\")\n            await driver.findElement(By.xpath(xp)).click();\n        }\n        }  \n    }\n    \nlet resulttest = await driver.findElement(By.xpath(\"/html/body/div/div/div[2]\")).getText().then(function(value){\n    return value\n})\nresulttest.should.equal(ress[test]);\nawait driver.quit();",
              "err": {},
              "uuid": "d78d19d8-a596-42c3-995e-5d6fea0d5495",
              "parentUUID": "ddde9e92-40f0-4550-8333-89984f91b777",
              "isHook": false,
              "skipped": false
            },
            {
              "title": "TEST 2",
              "fullTitle": "Check negate Function(Can negate the number any time) TEST 2",
              "timedOut": false,
              "duration": 2148,
              "state": "passed",
              "speed": "slow",
              "pass": true,
              "fail": false,
              "pending": false,
              "context": null,
              "code": "let driver = await new Builder().forBrowser(\"chrome\").build();\nawait driver.get(\"file:///C:/Users/didi/Desktop/DESKTOP/Calculator/index.html\")\n\nfor (let sid = 0; sid < tests[test].length; sid++){\n    element = tests[test][sid]\n    var toappend = undefined\n    if (isNaN(element)){\n        toappend = dict[element]\n        xp = \"/html/body/div/button[\".concat(toappend)\n        xp = xp.concat(\"]\")\n        await driver.findElement(By.xpath(xp)).click();\n    }\n    else{\n        for (let i = 0; i < element.length; i++) {\n            toappend = dict[parseInt(element[i])]\n            xp = \"/html/body/div/button[\".concat(toappend)\n            xp = xp.concat(\"]\")\n            await driver.findElement(By.xpath(xp)).click();\n        }\n        }  \n    }\n    \nlet resulttest = await driver.findElement(By.xpath(\"/html/body/div/div/div[2]\")).getText().then(function(value){\n    return value\n})\nresulttest.should.equal(ress[test]);\nawait driver.quit();",
              "err": {},
              "uuid": "a0bd971c-915a-4f85-afca-55e33600faab",
              "parentUUID": "ddde9e92-40f0-4550-8333-89984f91b777",
              "isHook": false,
              "skipped": false
            }
          ],
          "suites": [],
          "passes": [
            "d78d19d8-a596-42c3-995e-5d6fea0d5495",
            "a0bd971c-915a-4f85-afca-55e33600faab"
          ],
          "failures": [],
          "pending": [],
          "skipped": [],
          "duration": 4139,
          "root": false,
          "rootEmpty": false,
          "_timeout": 0
        },
        {
          "uuid": "8f391eb1-bfe9-4c4e-b751-7f7b221dd1db",
          "title": "Check clear screen any time and start new",
          "fullFile": "C:\\Users\\didi\\Desktop\\DESKTOP\\Calculator\\test\\test1.js",
          "file": "\\test\\test1.js",
          "beforeHooks": [],
          "afterHooks": [],
          "tests": [
            {
              "title": "TEST 1",
              "fullTitle": "Check clear screen any time and start new TEST 1",
              "timedOut": false,
              "duration": 2093,
              "state": "passed",
              "speed": "slow",
              "pass": true,
              "fail": false,
              "pending": false,
              "context": null,
              "code": "let driver = await new Builder().forBrowser(\"chrome\").build();\nawait driver.get(\"file:///C:/Users/didi/Desktop/DESKTOP/Calculator/index.html\")\n\nfor (let sid = 0; sid < tests[test].length; sid++){\n    element = tests[test][sid]\n    var toappend = undefined\n    if (isNaN(element)){\n        toappend = dict[element]\n        xp = \"/html/body/div/button[\".concat(toappend)\n        xp = xp.concat(\"]\")\n        await driver.findElement(By.xpath(xp)).click();\n    }\n    else{\n        for (let i = 0; i < element.length; i++) {\n            toappend = dict[parseInt(element[i])]\n            xp = \"/html/body/div/button[\".concat(toappend)\n            xp = xp.concat(\"]\")\n            await driver.findElement(By.xpath(xp)).click();\n        }\n        }  \n    }\n    \nlet resulttest = await driver.findElement(By.xpath(\"/html/body/div/div/div[2]\")).getText().then(function(value){\n    return value\n})\nresulttest.should.equal(ress[test]);\nawait driver.quit();",
              "err": {},
              "uuid": "17ab93c1-c0f9-4210-a243-14f957bc33c5",
              "parentUUID": "8f391eb1-bfe9-4c4e-b751-7f7b221dd1db",
              "isHook": false,
              "skipped": false
            },
            {
              "title": "TEST 2",
              "fullTitle": "Check clear screen any time and start new TEST 2",
              "timedOut": false,
              "duration": 2463,
              "state": "passed",
              "speed": "slow",
              "pass": true,
              "fail": false,
              "pending": false,
              "context": null,
              "code": "let driver = await new Builder().forBrowser(\"chrome\").build();\nawait driver.get(\"file:///C:/Users/didi/Desktop/DESKTOP/Calculator/index.html\")\n\nfor (let sid = 0; sid < tests[test].length; sid++){\n    element = tests[test][sid]\n    var toappend = undefined\n    if (isNaN(element)){\n        toappend = dict[element]\n        xp = \"/html/body/div/button[\".concat(toappend)\n        xp = xp.concat(\"]\")\n        await driver.findElement(By.xpath(xp)).click();\n    }\n    else{\n        for (let i = 0; i < element.length; i++) {\n            toappend = dict[parseInt(element[i])]\n            xp = \"/html/body/div/button[\".concat(toappend)\n            xp = xp.concat(\"]\")\n            await driver.findElement(By.xpath(xp)).click();\n        }\n        }  \n    }\n    \nlet resulttest = await driver.findElement(By.xpath(\"/html/body/div/div/div[2]\")).getText().then(function(value){\n    return value\n})\nresulttest.should.equal(ress[test]);\nawait driver.quit();",
              "err": {},
              "uuid": "5a99d8a6-02e2-4a50-a350-ef6a9aef41e1",
              "parentUUID": "8f391eb1-bfe9-4c4e-b751-7f7b221dd1db",
              "isHook": false,
              "skipped": false
            }
          ],
          "suites": [],
          "passes": [
            "17ab93c1-c0f9-4210-a243-14f957bc33c5",
            "5a99d8a6-02e2-4a50-a350-ef6a9aef41e1"
          ],
          "failures": [],
          "pending": [],
          "skipped": [],
          "duration": 4556,
          "root": false,
          "rootEmpty": false,
          "_timeout": 0
        },
        {
          "uuid": "ffae9ff8-d3e8-44e0-888d-ab1e33e72ea3",
          "title": "Consecutive calculations",
          "fullFile": "C:\\Users\\didi\\Desktop\\DESKTOP\\Calculator\\test\\test1.js",
          "file": "\\test\\test1.js",
          "beforeHooks": [],
          "afterHooks": [],
          "tests": [
            {
              "title": "TEST 1",
              "fullTitle": "Consecutive calculations TEST 1",
              "timedOut": false,
              "duration": 2167,
              "state": "passed",
              "speed": "slow",
              "pass": true,
              "fail": false,
              "pending": false,
              "context": null,
              "code": "let driver = await new Builder().forBrowser(\"chrome\").build();\nawait driver.get(\"file:///C:/Users/didi/Desktop/DESKTOP/Calculator/index.html\")\n\nfor (let sid = 0; sid < tests[test].length; sid++){\n    element = tests[test][sid]\n    var toappend = undefined\n    if (isNaN(element)){\n        toappend = dict[element]\n        xp = \"/html/body/div/button[\".concat(toappend)\n        xp = xp.concat(\"]\")\n        await driver.findElement(By.xpath(xp)).click();\n    }\n    else{\n        for (let i = 0; i < element.length; i++) {\n            toappend = dict[parseInt(element[i])]\n            xp = \"/html/body/div/button[\".concat(toappend)\n            xp = xp.concat(\"]\")\n            await driver.findElement(By.xpath(xp)).click();\n        }\n        }  \n    }\n    \nlet resulttest = await driver.findElement(By.xpath(\"/html/body/div/div/div[2]\")).getText().then(function(value){\n    return value\n})\nresulttest.should.equal(ress[test]);\nawait driver.quit();",
              "err": {},
              "uuid": "39359bc0-8d6b-4fea-96bd-2032a361091a",
              "parentUUID": "ffae9ff8-d3e8-44e0-888d-ab1e33e72ea3",
              "isHook": false,
              "skipped": false
            }
          ],
          "suites": [],
          "passes": [
            "39359bc0-8d6b-4fea-96bd-2032a361091a"
          ],
          "failures": [],
          "pending": [],
          "skipped": [],
          "duration": 2167,
          "root": false,
          "rootEmpty": false,
          "_timeout": 0
        }
      ],
      "passes": [],
      "failures": [],
      "pending": [],
      "skipped": [],
      "duration": 0,
      "root": true,
      "rootEmpty": true,
      "_timeout": 0
    }
  ],
  "meta": {
    "mocha": {
      "version": "10.0.0"
    },
    "mochawesome": {
      "options": {
        "quiet": false,
        "reportFilename": "mochawesome",
        "saveHtml": true,
        "saveJson": true,
        "consoleReporter": "spec",
        "useInlineDiffs": false,
        "code": true
      },
      "version": "7.1.3"
    },
    "marge": {
      "options": null,
      "version": "6.2.0"
    }
  }
}